__start:
__text_start:
    002A E5CF      LDI	R28,0x5F
    002B E0D4      LDI	R29,4
    002C BFCD      OUT	0x3D,R28
    002D BFDE      OUT	0x3E,R29
    002E 51C0      SUBI	R28,0x10
    002F 40D0      SBCI	R29,0
    0030 EA0A      LDI	R16,0xAA
    0031 8308      STD	Y+0,R16
    0032 2400      CLR	R0
    0033 E6E0      LDI	R30,0x60
    0034 E0F0      LDI	R31,0
    0035 E010      LDI	R17,0
    0036 36E2      CPI	R30,0x62
    0037 07F1      CPC	R31,R17
    0038 F011      BEQ	0x003B
    0039 9201      ST	R0,Z+
    003A CFFB      RJMP	0x0036
    003B 8300      STD	Z+0,R16
    003C E5E4      LDI	R30,0x54
    003D E0F0      LDI	R31,0
    003E E6A0      LDI	R26,0x60
    003F E0B0      LDI	R27,0
    0040 E010      LDI	R17,0
    0041 35E4      CPI	R30,0x54
    0042 07F1      CPC	R31,R17
    0043 F021      BEQ	0x0048
    0044 95C8      LPM
    0045 9631      ADIW	R30,1
    0046 920D      ST	R0,X+
    0047 CFF9      RJMP	0x0041
    0048 940E0061  CALL	_main
_exit:
    004A CFFF      RJMP	_exit
_delay_ms:
  i                    --> R20
  j                    --> R22
  k                    --> R16
    004B 940E00A7  CALL	push_gset2
FILE: d:\MYDOCU~1\ac8-1\ac8-1.c
(0001) #include<iom16v.h>	
(0002) #define uchar unsigned char
(0003) #define uint unsigned int
(0004) #define BZ_0  (PORTD=PORTD&0xdf)
(0005) #define BZ_1  (PORTD=PORTD|0x20)
(0006) uint cnt;
(0007) //=============================
(0008) void delay_ms(uint k)
(0009) {
(0010)     uint i,j;			
(0011)     for(i=0;i<k;i++)
    004D 2744      CLR	R20
    004E 2755      CLR	R21
    004F C00B      RJMP	0x005B
(0012)     {
(0013)        for(j=0;j<1140;j++)
    0050 2766      CLR	R22
    0051 2777      CLR	R23
    0052 C002      RJMP	0x0055
    0053 5F6F      SUBI	R22,0xFF
    0054 4F7F      SBCI	R23,0xFF
    0055 3764      CPI	R22,0x74
    0056 E0E4      LDI	R30,4
    0057 077E      CPC	R23,R30
    0058 F3D0      BCS	0x0053
    0059 5F4F      SUBI	R20,0xFF
    005A 4F5F      SBCI	R21,0xFF
    005B 1740      CP	R20,R16
    005C 0751      CPC	R21,R17
    005D F390      BCS	0x0050
    005E 940E009E  CALL	pop_gset2
    0060 9508      RET
(0014)        ;
(0015)     }
(0016) }
(0017) //=============================
(0018) void main(void)
(0019) {		
(0020)  DDRB=0xff;	
_main:
    0061 EF8F      LDI	R24,0xFF
    0062 BB87      OUT	0x17,R24
(0021) PORTB=0xff;	
    0063 BB88      OUT	0x18,R24
(0022) DDRD=0xdf;	
    0064 ED8F      LDI	R24,0xDF
    0065 BB81      OUT	0x11,R24
(0023) PORTD=0xff;	
    0066 EF8F      LDI	R24,0xFF
    0067 BB82      OUT	0x12,R24
(0024) MCUCR = 0x08;
    0068 E088      LDI	R24,0x8
    0069 BF85      OUT	0x35,R24
(0025)  GICR  = 0x80; 
    006A E880      LDI	R24,0x80
    006B BF8B      OUT	0x3B,R24
(0026)  SREG=0x80;	
    006C BF8F      OUT	0x3F,R24
    006D C00A      RJMP	0x0078
(0027)    while(1)	
(0028)    {		
(0029)    PORTB=0x00;
    006E 2422      CLR	R2
    006F BA28      OUT	0x18,R2
(0030)    delay_ms(500);
    0070 EF04      LDI	R16,0xF4
    0071 E011      LDI	R17,1
    0072 DFD8      RCALL	_delay_ms
(0031)    PORTB=0xff; 
    0073 EF8F      LDI	R24,0xFF
    0074 BB88      OUT	0x18,R24
(0032)    delay_ms(500); 
    0075 EF04      LDI	R16,0xF4
    0076 E011      LDI	R17,1
    0077 DFD3      RCALL	_delay_ms
    0078 CFF5      RJMP	0x006E
    0079 9508      RET
_int1_isr:
    007A 940E00C0  CALL	push_lset
(0033)    }			
(0034) }				
(0035) //***************************************************
(0036) #pragma interrupt_handler int1_isr:3
(0037) void int1_isr(void)
(0038) {
(0039)  for(cnt=0;cnt<5000;cnt++)
    007C 2422      CLR	R2
    007D 2433      CLR	R3
    007E 92300061  STS	cnt+1,R3
    0080 92200060  STS	cnt,R2
    0082 C010      RJMP	0x0093
(0040)  {BZ_1;delay_ms(2); BZ_0;}
FILE: <library>
    0083 9A95      SBI	0x12,5
    0084 E002      LDI	R16,2
    0085 E010      LDI	R17,0
    0086 DFC4      RCALL	_delay_ms
    0087 B382      IN	R24,0x12
    0088 7D8F      ANDI	R24,0xDF
    0089 BB82      OUT	0x12,R24
    008A 91800060  LDS	R24,cnt
    008C 91900061  LDS	R25,cnt+1
    008E 9601      ADIW	R24,1
    008F 93900061  STS	cnt+1,R25
    0091 93800060  STS	cnt,R24
    0093 91800060  LDS	R24,cnt
    0095 91900061  LDS	R25,cnt+1
    0097 3888      CPI	R24,0x88
    0098 E1E3      LDI	R30,0x13
    0099 079E      CPC	R25,R30
    009A F340      BCS	0x0083
    009B 940E00D7  CALL	pop_lset
    009D 9518      RETI
pop_gset2:
    009E E0E2      LDI	R30,2
    009F 940C00AD  JMP	pop
push_gset5:
    00A1 92FA      ST	R15,-Y
    00A2 92EA      ST	R14,-Y
push_gset4:
    00A3 92DA      ST	R13,-Y
    00A4 92CA      ST	R12,-Y
push_gset3:
    00A5 92BA      ST	R11,-Y
    00A6 92AA      ST	R10,-Y
push_gset2:
    00A7 937A      ST	R23,-Y
    00A8 936A      ST	R22,-Y
push_gset1:
    00A9 935A      ST	R21,-Y
    00AA 934A      ST	R20,-Y
    00AB 9508      RET
pop_gset1:
    00AC E0E1      LDI	R30,1
pop:
    00AD 9149      LD	R20,Y+
    00AE 9159      LD	R21,Y+
    00AF FDE0      SBRC	R30,0
    00B0 9508      RET
    00B1 9169      LD	R22,Y+
    00B2 9179      LD	R23,Y+
    00B3 FDE1      SBRC	R30,1
    00B4 9508      RET
    00B5 90A9      LD	R10,Y+
    00B6 90B9      LD	R11,Y+
    00B7 FDE2      SBRC	R30,2
    00B8 9508      RET
    00B9 90C9      LD	R12,Y+
    00BA 90D9      LD	R13,Y+
    00BB FDE3      SBRC	R30,3
    00BC 9508      RET
    00BD 90E9      LD	R14,Y+
    00BE 90F9      LD	R15,Y+
    00BF 9508      RET
push_lset:
    00C0 93FA      ST	R31,-Y
    00C1 93EA      ST	R30,-Y
    00C2 93BA      ST	R27,-Y
    00C3 93AA      ST	R26,-Y
    00C4 939A      ST	R25,-Y
    00C5 938A      ST	R24,-Y
    00C6 933A      ST	R19,-Y
    00C7 932A      ST	R18,-Y
    00C8 931A      ST	R17,-Y
    00C9 930A      ST	R16,-Y
    00CA 929A      ST	R9,-Y
    00CB 928A      ST	R8,-Y
    00CC 927A      ST	R7,-Y
    00CD 926A      ST	R6,-Y
    00CE 925A      ST	R5,-Y
    00CF 924A      ST	R4,-Y
    00D0 923A      ST	R3,-Y
    00D1 922A      ST	R2,-Y
    00D2 921A      ST	R1,-Y
    00D3 920A      ST	R0,-Y
    00D4 B60F      IN	R0,0x3F
    00D5 920A      ST	R0,-Y
    00D6 9508      RET
pop_lset:
    00D7 9009      LD	R0,Y+
    00D8 BE0F      OUT	0x3F,R0
    00D9 9009      LD	R0,Y+
    00DA 9019      LD	R1,Y+
    00DB 9029      LD	R2,Y+
    00DC 9039      LD	R3,Y+
    00DD 9049      LD	R4,Y+
    00DE 9059      LD	R5,Y+
    00DF 9069      LD	R6,Y+
    00E0 9079      LD	R7,Y+
    00E1 9089      LD	R8,Y+
    00E2 9099      LD	R9,Y+
    00E3 9109      LD	R16,Y+
    00E4 9119      LD	R17,Y+
    00E5 9129      LD	R18,Y+
    00E6 9139      LD	R19,Y+
    00E7 9189      LD	R24,Y+
    00E8 9199      LD	R25,Y+
    00E9 91A9      LD	R26,Y+
    00EA 91B9      LD	R27,Y+
    00EB 91E9      LD	R30,Y+
    00EC 91F9      LD	R31,Y+
    00ED 9508      RET
